  [1m[35m (2.7ms)[0m  [1m[35mCREATE TABLE "schema_migrations" ("version" varchar NOT NULL PRIMARY KEY) /*application='ExerciseApp'*/[0m
  [1m[35m (0.1ms)[0m  [1m[35mCREATE TABLE "ar_internal_metadata" ("key" varchar NOT NULL PRIMARY KEY, "value" varchar, "created_at" datetime(6) NOT NULL, "updated_at" datetime(6) NOT NULL) /*application='ExerciseApp'*/[0m
  [1m[36mActiveRecord::InternalMetadata Load (0.2ms)[0m  [1m[34mSELECT * FROM "ar_internal_metadata" WHERE "ar_internal_metadata"."key" = 'environment' ORDER BY "ar_internal_metadata"."key" ASC LIMIT 1 /*application='ExerciseApp'*/[0m
  [1m[36mActiveRecord::InternalMetadata Create (0.2ms)[0m  [1m[32mINSERT INTO "ar_internal_metadata" ("key", "value", "created_at", "updated_at") VALUES ('environment', 'development', '2026-01-16 06:19:26.148194', '2026-01-16 06:19:26.148197') RETURNING "key" /*application='ExerciseApp'*/[0m
  [1m[36mActiveRecord::SchemaMigration Load (0.1ms)[0m  [1m[34mSELECT "schema_migrations"."version" FROM "schema_migrations" ORDER BY "schema_migrations"."version" ASC /*application='ExerciseApp'*/[0m
Migrating to DeviseCreateUsers (20260116061917)
  [1m[36mTRANSACTION (0.1ms)[0m  [1m[35mBEGIN immediate TRANSACTION /*application='ExerciseApp'*/[0m
  [1m[35m (1.6ms)[0m  [1m[35mCREATE TABLE "users" ("id" integer PRIMARY KEY AUTOINCREMENT NOT NULL, "email" varchar DEFAULT '' NOT NULL, "encrypted_password" varchar DEFAULT '' NOT NULL, "reset_password_token" varchar, "reset_password_sent_at" datetime(6), "remember_created_at" datetime(6), "created_at" datetime(6) NOT NULL, "updated_at" datetime(6) NOT NULL) /*application='ExerciseApp'*/[0m
  [1m[35m (0.1ms)[0m  [1m[35mCREATE UNIQUE INDEX "index_users_on_email" ON "users" ("email") /*application='ExerciseApp'*/[0m
  [1m[35m (0.1ms)[0m  [1m[35mCREATE UNIQUE INDEX "index_users_on_reset_password_token" ON "users" ("reset_password_token") /*application='ExerciseApp'*/[0m
  [1m[36mActiveRecord::SchemaMigration Create (0.1ms)[0m  [1m[32mINSERT INTO "schema_migrations" ("version") VALUES ('20260116061917') RETURNING "version" /*application='ExerciseApp'*/[0m
  [1m[36mTRANSACTION (0.2ms)[0m  [1m[35mCOMMIT TRANSACTION /*application='ExerciseApp'*/[0m
  [1m[36mActiveRecord::SchemaMigration Load (0.0ms)[0m  [1m[34mSELECT "schema_migrations"."version" FROM "schema_migrations" ORDER BY "schema_migrations"."version" ASC /*application='ExerciseApp'*/[0m
  [1m[36mActiveRecord::InternalMetadata Load (0.2ms)[0m  [1m[34mSELECT * FROM "ar_internal_metadata" WHERE "ar_internal_metadata"."key" = 'environment' ORDER BY "ar_internal_metadata"."key" ASC LIMIT 1 /*application='ExerciseApp'*/[0m
  [1m[36mActiveRecord::SchemaMigration Load (0.1ms)[0m  [1m[34mSELECT "schema_migrations"."version" FROM "schema_migrations" ORDER BY "schema_migrations"."version" ASC /*application='ExerciseApp'*/[0m
Migrating to CreateExercises (20260116061937)
  [1m[36mTRANSACTION (0.1ms)[0m  [1m[35mBEGIN immediate TRANSACTION /*application='ExerciseApp'*/[0m
  [1m[35m (1.7ms)[0m  [1m[35mCREATE TABLE "exercises" ("id" integer PRIMARY KEY AUTOINCREMENT NOT NULL, "user_id" integer NOT NULL, "name" varchar, "duration" integer, "exercised_on" date, "created_at" datetime(6) NOT NULL, "updated_at" datetime(6) NOT NULL, CONSTRAINT "fk_rails_f4f6893528"
FOREIGN KEY ("user_id")
  REFERENCES "users" ("id")
) /*application='ExerciseApp'*/[0m
  [1m[35m (0.1ms)[0m  [1m[35mCREATE INDEX "index_exercises_on_user_id" ON "exercises" ("user_id") /*application='ExerciseApp'*/[0m
  [1m[36mActiveRecord::SchemaMigration Create (0.2ms)[0m  [1m[32mINSERT INTO "schema_migrations" ("version") VALUES ('20260116061937') RETURNING "version" /*application='ExerciseApp'*/[0m
  [1m[36mTRANSACTION (3.1ms)[0m  [1m[35mCOMMIT TRANSACTION /*application='ExerciseApp'*/[0m
  [1m[36mActiveRecord::SchemaMigration Load (0.1ms)[0m  [1m[34mSELECT "schema_migrations"."version" FROM "schema_migrations" ORDER BY "schema_migrations"."version" ASC /*application='ExerciseApp'*/[0m
Started GET "/" for 127.0.0.1 at 2026-01-16 15:23:09 +0900
  [1m[36mActiveRecord::SchemaMigration Load (0.2ms)[0m  [1m[34mSELECT "schema_migrations"."version" FROM "schema_migrations" ORDER BY "schema_migrations"."version" ASC /*application='ExerciseApp'*/[0m
Processing by ExercisesController#index as HTML
Completed 401 Unauthorized in 21ms (ActiveRecord: 0.0ms (0 queries, 0 cached) | GC: 0.0ms)


  
NoMethodError (undefined method `authentication_keys' for class User):
  
activerecord (8.1.2) lib/active_record/dynamic_matchers.rb:24:in `method_missing'
devise (4.9.4) lib/devise/failure_app.rb:113:in `i18n_message'
devise (4.9.4) lib/devise/failure_app.rb:93:in `redirect'
devise (4.9.4) lib/devise/failure_app.rb:48:in `respond'
actionpack (8.1.2) lib/abstract_controller/base.rb:221:in `process_action'
actionpack (8.1.2) lib/abstract_controller/callbacks.rb:267:in `block in process_action'
activesupport (8.1.2) lib/active_support/callbacks.rb:121:in `block in run_callbacks'
i18n (1.14.8) lib/i18n.rb:354:in `with_locale'
devise (4.9.4) lib/devise/failure_app.rb:23:in `block in <class:FailureApp>'
activesupport (8.1.2) lib/active_support/callbacks.rb:130:in `instance_exec'
activesupport (8.1.2) lib/active_support/callbacks.rb:130:in `block in run_callbacks'
activesupport (8.1.2) lib/active_support/callbacks.rb:141:in `run_callbacks'
actionpack (8.1.2) lib/abstract_controller/callbacks.rb:266:in `process_action'
actionpack (8.1.2) lib/abstract_controller/base.rb:154:in `process'
actionpack (8.1.2) lib/action_controller/metal.rb:252:in `dispatch'
actionpack (8.1.2) lib/action_controller/metal.rb:319:in `block in action'
devise (4.9.4) lib/devise/failure_app.rb:28:in `call'
devise (4.9.4) lib/devise/delegator.rb:7:in `call'
warden (1.2.9) lib/warden/manager.rb:143:in `call_failure_app'
warden (1.2.9) lib/warden/manager.rb:129:in `process_unauthenticated'
warden (1.2.9) lib/warden/manager.rb:44:in `call'
rack (3.2.4) lib/rack/tempfile_reaper.rb:20:in `call'
rack (3.2.4) lib/rack/etag.rb:29:in `call'
rack (3.2.4) lib/rack/conditional_get.rb:31:in `call'
rack (3.2.4) lib/rack/head.rb:15:in `call'
actionpack (8.1.2) lib/action_dispatch/http/content_security_policy.rb:38:in `call'
rack-session (2.1.1) lib/rack/session/abstract/id.rb:274:in `context'
rack-session (2.1.1) lib/rack/session/abstract/id.rb:268:in `call'
actionpack (8.1.2) lib/action_dispatch/middleware/cookies.rb:708:in `call'
activerecord (8.1.2) lib/active_record/migration.rb:671:in `call'
actionpack (8.1.2) lib/action_dispatch/middleware/callbacks.rb:31:in `block in call'
activesupport (8.1.2) lib/active_support/callbacks.rb:101:in `run_callbacks'
actionpack (8.1.2) lib/action_dispatch/middleware/callbacks.rb:30:in `call'
actionpack (8.1.2) lib/action_dispatch/middleware/executor.rb:20:in `call'
actionpack (8.1.2) lib/action_dispatch/middleware/actionable_exceptions.rb:18:in `call'
actionpack (8.1.2) lib/action_dispatch/middleware/debug_exceptions.rb:31:in `call'
web-console (4.2.1) lib/web_console/middleware.rb:132:in `call_app'
web-console (4.2.1) lib/web_console/middleware.rb:28:in `block in call'
web-console (4.2.1) lib/web_console/middleware.rb:17:in `catch'
web-console (4.2.1) lib/web_console/middleware.rb:17:in `call'
actionpack (8.1.2) lib/action_dispatch/middleware/show_exceptions.rb:32:in `call'
railties (8.1.2) lib/rails/rack/logger.rb:41:in `call_app'
railties (8.1.2) lib/rails/rack/logger.rb:29:in `call'
propshaft (1.3.1) lib/propshaft/quiet_assets.rb:11:in `call'
actionpack (8.1.2) lib/action_dispatch/middleware/remote_ip.rb:98:in `call'
actionpack (8.1.2) lib/action_dispatch/middleware/request_id.rb:34:in `call'
rack (3.2.4) lib/rack/method_override.rb:28:in `call'
rack (3.2.4) lib/rack/runtime.rb:24:in `call'
activesupport (8.1.2) lib/active_support/cache/strategy/local_cache_middleware.rb:30:in `call'
actionpack (8.1.2) lib/action_dispatch/middleware/server_timing.rb:61:in `block in call'
actionpack (8.1.2) lib/action_dispatch/middleware/server_timing.rb:26:in `collect_events'
actionpack (8.1.2) lib/action_dispatch/middleware/server_timing.rb:60:in `call'
actionpack (8.1.2) lib/action_dispatch/middleware/executor.rb:20:in `call'
propshaft (1.3.1) lib/propshaft/server.rb:37:in `call'
actionpack (8.1.2) lib/action_dispatch/middleware/static.rb:27:in `call'
rack (3.2.4) lib/rack/sendfile.rb:131:in `call'
actionpack (8.1.2) lib/action_dispatch/middleware/host_authorization.rb:143:in `call'
railties (8.1.2) lib/rails/engine.rb:534:in `call'
puma (7.1.0) lib/puma/configuration.rb:300:in `call'
puma (7.1.0) lib/puma/request.rb:101:in `block in handle_request'
puma (7.1.0) lib/puma/thread_pool.rb:355:in `with_force_shutdown'
puma (7.1.0) lib/puma/request.rb:100:in `handle_request'
puma (7.1.0) lib/puma/server.rb:503:in `process_client'
puma (7.1.0) lib/puma/server.rb:262:in `block in run'
puma (7.1.0) lib/puma/thread_pool.rb:182:in `block in spawn_thread'
Started GET "/" for 127.0.0.1 at 2026-01-16 15:24:16 +0900
  [1m[36mActiveRecord::SchemaMigration Load (0.2ms)[0m  [1m[34mSELECT "schema_migrations"."version" FROM "schema_migrations" ORDER BY "schema_migrations"."version" ASC /*application='ExerciseApp'*/[0m
DEPRECATION WARNING: resource received a hash argument only. Please use a keyword instead. Support to hash argument will be removed in Rails 8.2. (called from block in <main> at D:/itooo/exercise_app/config/routes.rb:2)
DEPRECATION WARNING: resource received a hash argument path. Please use a keyword instead. Support to hash argument will be removed in Rails 8.2. (called from block in <main> at D:/itooo/exercise_app/config/routes.rb:2)
DEPRECATION WARNING: resource received a hash argument path_names. Please use a keyword instead. Support to hash argument will be removed in Rails 8.2. (called from block in <main> at D:/itooo/exercise_app/config/routes.rb:2)
DEPRECATION WARNING: resource received a hash argument controller. Please use a keyword instead. Support to hash argument will be removed in Rails 8.2. (called from block in <main> at D:/itooo/exercise_app/config/routes.rb:2)
Processing by ExercisesController#index as HTML
Completed 401 Unauthorized in 10ms (ActiveRecord: 0.0ms (0 queries, 0 cached) | GC: 0.0ms)


Started GET "/users/sign_in" for 127.0.0.1 at 2026-01-16 15:24:16 +0900
Processing by Devise::SessionsController#new as HTML
  Rendering layout layouts/application.html.erb
  Rendering D:/Ruby33-x64/lib/ruby/gems/3.3.0/gems/devise-4.9.4/app/views/devise/sessions/new.html.erb within layouts/application
  Rendered D:/Ruby33-x64/lib/ruby/gems/3.3.0/gems/devise-4.9.4/app/views/devise/shared/_links.html.erb (Duration: 1.0ms | GC: 0.0ms)
  Rendered D:/Ruby33-x64/lib/ruby/gems/3.3.0/gems/devise-4.9.4/app/views/devise/sessions/new.html.erb within layouts/application (Duration: 25.9ms | GC: 0.0ms)
  Rendered layout layouts/application.html.erb (Duration: 45.3ms | GC: 0.0ms)
Completed 200 OK in 107ms (Views: 60.8ms | ActiveRecord: 2.0ms (0 queries, 0 cached) | GC: 0.0ms)


Started GET "/users/password/new" for 127.0.0.1 at 2026-01-16 15:25:52 +0900
Processing by Devise::PasswordsController#new as HTML
  Rendering layout layouts/application.html.erb
  Rendering D:/Ruby33-x64/lib/ruby/gems/3.3.0/gems/devise-4.9.4/app/views/devise/passwords/new.html.erb within layouts/application
  Rendered D:/Ruby33-x64/lib/ruby/gems/3.3.0/gems/devise-4.9.4/app/views/devise/shared/_error_messages.html.erb (Duration: 0.3ms | GC: 0.0ms)
  Rendered D:/Ruby33-x64/lib/ruby/gems/3.3.0/gems/devise-4.9.4/app/views/devise/shared/_links.html.erb (Duration: 0.2ms | GC: 0.0ms)
  Rendered D:/Ruby33-x64/lib/ruby/gems/3.3.0/gems/devise-4.9.4/app/views/devise/passwords/new.html.erb within layouts/application (Duration: 5.1ms | GC: 0.0ms)
  Rendered layout layouts/application.html.erb (Duration: 7.9ms | GC: 0.0ms)
Completed 200 OK in 17ms (Views: 10.3ms | ActiveRecord: 0.0ms (0 queries, 0 cached) | GC: 0.0ms)


Started GET "/users/sign_up" for 127.0.0.1 at 2026-01-16 15:25:54 +0900
Processing by Devise::RegistrationsController#new as HTML
  Rendering layout layouts/application.html.erb
  Rendering D:/Ruby33-x64/lib/ruby/gems/3.3.0/gems/devise-4.9.4/app/views/devise/registrations/new.html.erb within layouts/application
  Rendered D:/Ruby33-x64/lib/ruby/gems/3.3.0/gems/devise-4.9.4/app/views/devise/shared/_error_messages.html.erb (Duration: 0.0ms | GC: 0.0ms)
  Rendered D:/Ruby33-x64/lib/ruby/gems/3.3.0/gems/devise-4.9.4/app/views/devise/shared/_links.html.erb (Duration: 0.1ms | GC: 0.0ms)
  Rendered D:/Ruby33-x64/lib/ruby/gems/3.3.0/gems/devise-4.9.4/app/views/devise/registrations/new.html.erb within layouts/application (Duration: 5.0ms | GC: 0.0ms)
  Rendered layout layouts/application.html.erb (Duration: 6.6ms | GC: 0.0ms)
Completed 200 OK in 15ms (Views: 11.0ms | ActiveRecord: 0.0ms (0 queries, 0 cached) | GC: 0.0ms)


Started GET "/" for 127.0.0.1 at 2026-01-16 15:49:40 +0900
  [1m[36mActiveRecord::SchemaMigration Load (0.2ms)[0m  [1m[34mSELECT "schema_migrations"."version" FROM "schema_migrations" ORDER BY "schema_migrations"."version" ASC /*application='ExerciseApp'*/[0m
DEPRECATION WARNING: resource received a hash argument only. Please use a keyword instead. Support to hash argument will be removed in Rails 8.2. (called from block in <main> at D:/itooo/exercise_app/config/routes.rb:2)
DEPRECATION WARNING: resource received a hash argument path. Please use a keyword instead. Support to hash argument will be removed in Rails 8.2. (called from block in <main> at D:/itooo/exercise_app/config/routes.rb:2)
DEPRECATION WARNING: resource received a hash argument path_names. Please use a keyword instead. Support to hash argument will be removed in Rails 8.2. (called from block in <main> at D:/itooo/exercise_app/config/routes.rb:2)
DEPRECATION WARNING: resource received a hash argument controller. Please use a keyword instead. Support to hash argument will be removed in Rails 8.2. (called from block in <main> at D:/itooo/exercise_app/config/routes.rb:2)
Processing by ExercisesController#index as HTML
Completed 401 Unauthorized in 15ms (ActiveRecord: 0.0ms (0 queries, 0 cached) | GC: 0.0ms)


Started GET "/users/sign_in" for 127.0.0.1 at 2026-01-16 15:49:40 +0900
Processing by Devise::SessionsController#new as HTML
  Rendering layout layouts/application.html.erb
  Rendering D:/Ruby33-x64/lib/ruby/gems/3.3.0/gems/devise-4.9.4/app/views/devise/sessions/new.html.erb within layouts/application
  Rendered D:/Ruby33-x64/lib/ruby/gems/3.3.0/gems/devise-4.9.4/app/views/devise/shared/_links.html.erb (Duration: 0.6ms | GC: 0.0ms)
  Rendered D:/Ruby33-x64/lib/ruby/gems/3.3.0/gems/devise-4.9.4/app/views/devise/sessions/new.html.erb within layouts/application (Duration: 21.5ms | GC: 0.2ms)
  Rendered layout layouts/application.html.erb (Duration: 33.9ms | GC: 0.2ms)
Completed 200 OK in 60ms (Views: 47.7ms | ActiveRecord: 2.0ms (0 queries, 0 cached) | GC: 0.2ms)


